Determining if the Q_WS_WIN exist failed with the following output:
Change Dir: /home/ismael/robocomp/components/robotsOvejas/oveja/CMakeFiles/CMakeTmp

Run Build Command:"/usr/bin/make" "cmTC_4a9ad/fast"
/usr/bin/make -f CMakeFiles/cmTC_4a9ad.dir/build.make CMakeFiles/cmTC_4a9ad.dir/build
make[1]: se entra en el directorio '/home/ismael/robocomp/components/robotsOvejas/oveja/CMakeFiles/CMakeTmp'
Building CXX object CMakeFiles/cmTC_4a9ad.dir/CheckSymbolExists.cxx.o
/usr/bin/c++   -I/usr/include/qt4   -o CMakeFiles/cmTC_4a9ad.dir/CheckSymbolExists.cxx.o -c /home/ismael/robocomp/components/robotsOvejas/oveja/CMakeFiles/CMakeTmp/CheckSymbolExists.cxx
/home/ismael/robocomp/components/robotsOvejas/oveja/CMakeFiles/CMakeTmp/CheckSymbolExists.cxx: In function ‘int main(int, char**)’:
/home/ismael/robocomp/components/robotsOvejas/oveja/CMakeFiles/CMakeTmp/CheckSymbolExists.cxx:8:19: error: ‘Q_WS_WIN’ was not declared in this scope
   return ((int*)(&Q_WS_WIN))[argc];
                   ^~~~~~~~
/home/ismael/robocomp/components/robotsOvejas/oveja/CMakeFiles/CMakeTmp/CheckSymbolExists.cxx:8:19: note: suggested alternative: ‘Q_WS_X11’
   return ((int*)(&Q_WS_WIN))[argc];
                   ^~~~~~~~
                   Q_WS_X11
CMakeFiles/cmTC_4a9ad.dir/build.make:65: recipe for target 'CMakeFiles/cmTC_4a9ad.dir/CheckSymbolExists.cxx.o' failed
make[1]: *** [CMakeFiles/cmTC_4a9ad.dir/CheckSymbolExists.cxx.o] Error 1
make[1]: se sale del directorio '/home/ismael/robocomp/components/robotsOvejas/oveja/CMakeFiles/CMakeTmp'
Makefile:126: recipe for target 'cmTC_4a9ad/fast' failed
make: *** [cmTC_4a9ad/fast] Error 2

File /home/ismael/robocomp/components/robotsOvejas/oveja/CMakeFiles/CMakeTmp/CheckSymbolExists.cxx:
/* */
#include <QtCore/qglobal.h>

int main(int argc, char** argv)
{
  (void)argv;
#ifndef Q_WS_WIN
  return ((int*)(&Q_WS_WIN))[argc];
#else
  (void)argc;
  return 0;
#endif
}

Determining if the Q_WS_QWS exist failed with the following output:
Change Dir: /home/ismael/robocomp/components/robotsOvejas/oveja/CMakeFiles/CMakeTmp

Run Build Command:"/usr/bin/make" "cmTC_5918c/fast"
/usr/bin/make -f CMakeFiles/cmTC_5918c.dir/build.make CMakeFiles/cmTC_5918c.dir/build
make[1]: se entra en el directorio '/home/ismael/robocomp/components/robotsOvejas/oveja/CMakeFiles/CMakeTmp'
Building CXX object CMakeFiles/cmTC_5918c.dir/CheckSymbolExists.cxx.o
/usr/bin/c++   -I/usr/include/qt4   -o CMakeFiles/cmTC_5918c.dir/CheckSymbolExists.cxx.o -c /home/ismael/robocomp/components/robotsOvejas/oveja/CMakeFiles/CMakeTmp/CheckSymbolExists.cxx
/home/ismael/robocomp/components/robotsOvejas/oveja/CMakeFiles/CMakeTmp/CheckSymbolExists.cxx: In function ‘int main(int, char**)’:
/home/ismael/robocomp/components/robotsOvejas/oveja/CMakeFiles/CMakeTmp/CheckSymbolExists.cxx:8:19: error: ‘Q_WS_QWS’ was not declared in this scope
   return ((int*)(&Q_WS_QWS))[argc];
                   ^~~~~~~~
/home/ismael/robocomp/components/robotsOvejas/oveja/CMakeFiles/CMakeTmp/CheckSymbolExists.cxx:8:19: note: suggested alternative: ‘Q_WS_X11’
   return ((int*)(&Q_WS_QWS))[argc];
                   ^~~~~~~~
                   Q_WS_X11
CMakeFiles/cmTC_5918c.dir/build.make:65: recipe for target 'CMakeFiles/cmTC_5918c.dir/CheckSymbolExists.cxx.o' failed
make[1]: *** [CMakeFiles/cmTC_5918c.dir/CheckSymbolExists.cxx.o] Error 1
make[1]: se sale del directorio '/home/ismael/robocomp/components/robotsOvejas/oveja/CMakeFiles/CMakeTmp'
Makefile:126: recipe for target 'cmTC_5918c/fast' failed
make: *** [cmTC_5918c/fast] Error 2

File /home/ismael/robocomp/components/robotsOvejas/oveja/CMakeFiles/CMakeTmp/CheckSymbolExists.cxx:
/* */
#include <QtCore/qglobal.h>

int main(int argc, char** argv)
{
  (void)argv;
#ifndef Q_WS_QWS
  return ((int*)(&Q_WS_QWS))[argc];
#else
  (void)argc;
  return 0;
#endif
}

Determining if the Q_WS_MAC exist failed with the following output:
Change Dir: /home/ismael/robocomp/components/robotsOvejas/oveja/CMakeFiles/CMakeTmp

Run Build Command:"/usr/bin/make" "cmTC_8e803/fast"
/usr/bin/make -f CMakeFiles/cmTC_8e803.dir/build.make CMakeFiles/cmTC_8e803.dir/build
make[1]: se entra en el directorio '/home/ismael/robocomp/components/robotsOvejas/oveja/CMakeFiles/CMakeTmp'
Building CXX object CMakeFiles/cmTC_8e803.dir/CheckSymbolExists.cxx.o
/usr/bin/c++   -I/usr/include/qt4   -o CMakeFiles/cmTC_8e803.dir/CheckSymbolExists.cxx.o -c /home/ismael/robocomp/components/robotsOvejas/oveja/CMakeFiles/CMakeTmp/CheckSymbolExists.cxx
/home/ismael/robocomp/components/robotsOvejas/oveja/CMakeFiles/CMakeTmp/CheckSymbolExists.cxx: In function ‘int main(int, char**)’:
/home/ismael/robocomp/components/robotsOvejas/oveja/CMakeFiles/CMakeTmp/CheckSymbolExists.cxx:8:19: error: ‘Q_WS_MAC’ was not declared in this scope
   return ((int*)(&Q_WS_MAC))[argc];
                   ^~~~~~~~
/home/ismael/robocomp/components/robotsOvejas/oveja/CMakeFiles/CMakeTmp/CheckSymbolExists.cxx:8:19: note: suggested alternative: ‘Q_WS_X11’
   return ((int*)(&Q_WS_MAC))[argc];
                   ^~~~~~~~
                   Q_WS_X11
CMakeFiles/cmTC_8e803.dir/build.make:65: recipe for target 'CMakeFiles/cmTC_8e803.dir/CheckSymbolExists.cxx.o' failed
make[1]: *** [CMakeFiles/cmTC_8e803.dir/CheckSymbolExists.cxx.o] Error 1
make[1]: se sale del directorio '/home/ismael/robocomp/components/robotsOvejas/oveja/CMakeFiles/CMakeTmp'
Makefile:126: recipe for target 'cmTC_8e803/fast' failed
make: *** [cmTC_8e803/fast] Error 2

File /home/ismael/robocomp/components/robotsOvejas/oveja/CMakeFiles/CMakeTmp/CheckSymbolExists.cxx:
/* */
#include <QtCore/qglobal.h>

int main(int argc, char** argv)
{
  (void)argv;
#ifndef Q_WS_MAC
  return ((int*)(&Q_WS_MAC))[argc];
#else
  (void)argc;
  return 0;
#endif
}

Determining if the pthread_create exist failed with the following output:
Change Dir: /home/ismael/robocomp/components/robotsOvejas/oveja/CMakeFiles/CMakeTmp

Run Build Command:"/usr/bin/make" "cmTC_e1556/fast"
/usr/bin/make -f CMakeFiles/cmTC_e1556.dir/build.make CMakeFiles/cmTC_e1556.dir/build
make[1]: se entra en el directorio '/home/ismael/robocomp/components/robotsOvejas/oveja/CMakeFiles/CMakeTmp'
Building C object CMakeFiles/cmTC_e1556.dir/CheckSymbolExists.c.o
/usr/bin/cc    -o CMakeFiles/cmTC_e1556.dir/CheckSymbolExists.c.o   -c /home/ismael/robocomp/components/robotsOvejas/oveja/CMakeFiles/CMakeTmp/CheckSymbolExists.c
Linking C executable cmTC_e1556
/usr/bin/cmake -E cmake_link_script CMakeFiles/cmTC_e1556.dir/link.txt --verbose=1
/usr/bin/cc      -rdynamic CMakeFiles/cmTC_e1556.dir/CheckSymbolExists.c.o  -o cmTC_e1556 
CMakeFiles/cmTC_e1556.dir/CheckSymbolExists.c.o: En la función `main':
CheckSymbolExists.c:(.text+0x1b): referencia a `pthread_create' sin definir
collect2: error: ld returned 1 exit status
CMakeFiles/cmTC_e1556.dir/build.make:97: recipe for target 'cmTC_e1556' failed
make[1]: *** [cmTC_e1556] Error 1
make[1]: se sale del directorio '/home/ismael/robocomp/components/robotsOvejas/oveja/CMakeFiles/CMakeTmp'
Makefile:126: recipe for target 'cmTC_e1556/fast' failed
make: *** [cmTC_e1556/fast] Error 2

File /home/ismael/robocomp/components/robotsOvejas/oveja/CMakeFiles/CMakeTmp/CheckSymbolExists.c:
/* */
#include <pthread.h>

int main(int argc, char** argv)
{
  (void)argv;
#ifndef pthread_create
  return ((int*)(&pthread_create))[argc];
#else
  (void)argc;
  return 0;
#endif
}

Determining if the function pthread_create exists in the pthreads failed with the following output:
Change Dir: /home/ismael/robocomp/components/robotsOvejas/oveja/CMakeFiles/CMakeTmp

Run Build Command:"/usr/bin/make" "cmTC_d5978/fast"
/usr/bin/make -f CMakeFiles/cmTC_d5978.dir/build.make CMakeFiles/cmTC_d5978.dir/build
make[1]: se entra en el directorio '/home/ismael/robocomp/components/robotsOvejas/oveja/CMakeFiles/CMakeTmp'
Building C object CMakeFiles/cmTC_d5978.dir/CheckFunctionExists.c.o
/usr/bin/cc   -DCHECK_FUNCTION_EXISTS=pthread_create   -o CMakeFiles/cmTC_d5978.dir/CheckFunctionExists.c.o   -c /usr/share/cmake-3.10/Modules/CheckFunctionExists.c
Linking C executable cmTC_d5978
/usr/bin/cmake -E cmake_link_script CMakeFiles/cmTC_d5978.dir/link.txt --verbose=1
/usr/bin/cc  -DCHECK_FUNCTION_EXISTS=pthread_create    -rdynamic CMakeFiles/cmTC_d5978.dir/CheckFunctionExists.c.o  -o cmTC_d5978 -lpthreads 
/usr/bin/ld: no se puede encontrar -lpthreads
collect2: error: ld returned 1 exit status
CMakeFiles/cmTC_d5978.dir/build.make:97: recipe for target 'cmTC_d5978' failed
make[1]: *** [cmTC_d5978] Error 1
make[1]: se sale del directorio '/home/ismael/robocomp/components/robotsOvejas/oveja/CMakeFiles/CMakeTmp'
Makefile:126: recipe for target 'cmTC_d5978/fast' failed
make: *** [cmTC_d5978/fast] Error 2


Determining if the Q_WS_WIN exist failed with the following output:
Change Dir: /home/ismael/robocomp/components/robotsOvejas/oveja/CMakeFiles/CMakeTmp

Run Build Command:"/usr/bin/make" "cmTC_f8043/fast"
/usr/bin/make -f CMakeFiles/cmTC_f8043.dir/build.make CMakeFiles/cmTC_f8043.dir/build
make[1]: se entra en el directorio '/home/ismael/robocomp/components/robotsOvejas/oveja/CMakeFiles/CMakeTmp'
Building CXX object CMakeFiles/cmTC_f8043.dir/CheckSymbolExists.cxx.o
/usr/bin/c++   -I/usr/include/qt4   -o CMakeFiles/cmTC_f8043.dir/CheckSymbolExists.cxx.o -c /home/ismael/robocomp/components/robotsOvejas/oveja/CMakeFiles/CMakeTmp/CheckSymbolExists.cxx
/home/ismael/robocomp/components/robotsOvejas/oveja/CMakeFiles/CMakeTmp/CheckSymbolExists.cxx: In function ‘int main(int, char**)’:
/home/ismael/robocomp/components/robotsOvejas/oveja/CMakeFiles/CMakeTmp/CheckSymbolExists.cxx:8:19: error: ‘Q_WS_WIN’ was not declared in this scope
   return ((int*)(&Q_WS_WIN))[argc];
                   ^~~~~~~~
/home/ismael/robocomp/components/robotsOvejas/oveja/CMakeFiles/CMakeTmp/CheckSymbolExists.cxx:8:19: note: suggested alternative: ‘Q_WS_X11’
   return ((int*)(&Q_WS_WIN))[argc];
                   ^~~~~~~~
                   Q_WS_X11
CMakeFiles/cmTC_f8043.dir/build.make:65: recipe for target 'CMakeFiles/cmTC_f8043.dir/CheckSymbolExists.cxx.o' failed
make[1]: *** [CMakeFiles/cmTC_f8043.dir/CheckSymbolExists.cxx.o] Error 1
make[1]: se sale del directorio '/home/ismael/robocomp/components/robotsOvejas/oveja/CMakeFiles/CMakeTmp'
Makefile:126: recipe for target 'cmTC_f8043/fast' failed
make: *** [cmTC_f8043/fast] Error 2

File /home/ismael/robocomp/components/robotsOvejas/oveja/CMakeFiles/CMakeTmp/CheckSymbolExists.cxx:
/* */
#include <QtCore/qglobal.h>

int main(int argc, char** argv)
{
  (void)argv;
#ifndef Q_WS_WIN
  return ((int*)(&Q_WS_WIN))[argc];
#else
  (void)argc;
  return 0;
#endif
}

Determining if the Q_WS_QWS exist failed with the following output:
Change Dir: /home/ismael/robocomp/components/robotsOvejas/oveja/CMakeFiles/CMakeTmp

Run Build Command:"/usr/bin/make" "cmTC_0ecbe/fast"
/usr/bin/make -f CMakeFiles/cmTC_0ecbe.dir/build.make CMakeFiles/cmTC_0ecbe.dir/build
make[1]: se entra en el directorio '/home/ismael/robocomp/components/robotsOvejas/oveja/CMakeFiles/CMakeTmp'
Building CXX object CMakeFiles/cmTC_0ecbe.dir/CheckSymbolExists.cxx.o
/usr/bin/c++   -I/usr/include/qt4   -o CMakeFiles/cmTC_0ecbe.dir/CheckSymbolExists.cxx.o -c /home/ismael/robocomp/components/robotsOvejas/oveja/CMakeFiles/CMakeTmp/CheckSymbolExists.cxx
/home/ismael/robocomp/components/robotsOvejas/oveja/CMakeFiles/CMakeTmp/CheckSymbolExists.cxx: In function ‘int main(int, char**)’:
/home/ismael/robocomp/components/robotsOvejas/oveja/CMakeFiles/CMakeTmp/CheckSymbolExists.cxx:8:19: error: ‘Q_WS_QWS’ was not declared in this scope
   return ((int*)(&Q_WS_QWS))[argc];
                   ^~~~~~~~
/home/ismael/robocomp/components/robotsOvejas/oveja/CMakeFiles/CMakeTmp/CheckSymbolExists.cxx:8:19: note: suggested alternative: ‘Q_WS_X11’
   return ((int*)(&Q_WS_QWS))[argc];
                   ^~~~~~~~
                   Q_WS_X11
CMakeFiles/cmTC_0ecbe.dir/build.make:65: recipe for target 'CMakeFiles/cmTC_0ecbe.dir/CheckSymbolExists.cxx.o' failed
make[1]: *** [CMakeFiles/cmTC_0ecbe.dir/CheckSymbolExists.cxx.o] Error 1
make[1]: se sale del directorio '/home/ismael/robocomp/components/robotsOvejas/oveja/CMakeFiles/CMakeTmp'
Makefile:126: recipe for target 'cmTC_0ecbe/fast' failed
make: *** [cmTC_0ecbe/fast] Error 2

File /home/ismael/robocomp/components/robotsOvejas/oveja/CMakeFiles/CMakeTmp/CheckSymbolExists.cxx:
/* */
#include <QtCore/qglobal.h>

int main(int argc, char** argv)
{
  (void)argv;
#ifndef Q_WS_QWS
  return ((int*)(&Q_WS_QWS))[argc];
#else
  (void)argc;
  return 0;
#endif
}

Determining if the Q_WS_MAC exist failed with the following output:
Change Dir: /home/ismael/robocomp/components/robotsOvejas/oveja/CMakeFiles/CMakeTmp

Run Build Command:"/usr/bin/make" "cmTC_55b48/fast"
/usr/bin/make -f CMakeFiles/cmTC_55b48.dir/build.make CMakeFiles/cmTC_55b48.dir/build
make[1]: se entra en el directorio '/home/ismael/robocomp/components/robotsOvejas/oveja/CMakeFiles/CMakeTmp'
Building CXX object CMakeFiles/cmTC_55b48.dir/CheckSymbolExists.cxx.o
/usr/bin/c++   -I/usr/include/qt4   -o CMakeFiles/cmTC_55b48.dir/CheckSymbolExists.cxx.o -c /home/ismael/robocomp/components/robotsOvejas/oveja/CMakeFiles/CMakeTmp/CheckSymbolExists.cxx
/home/ismael/robocomp/components/robotsOvejas/oveja/CMakeFiles/CMakeTmp/CheckSymbolExists.cxx: In function ‘int main(int, char**)’:
/home/ismael/robocomp/components/robotsOvejas/oveja/CMakeFiles/CMakeTmp/CheckSymbolExists.cxx:8:19: error: ‘Q_WS_MAC’ was not declared in this scope
   return ((int*)(&Q_WS_MAC))[argc];
                   ^~~~~~~~
/home/ismael/robocomp/components/robotsOvejas/oveja/CMakeFiles/CMakeTmp/CheckSymbolExists.cxx:8:19: note: suggested alternative: ‘Q_WS_X11’
   return ((int*)(&Q_WS_MAC))[argc];
                   ^~~~~~~~
                   Q_WS_X11
CMakeFiles/cmTC_55b48.dir/build.make:65: recipe for target 'CMakeFiles/cmTC_55b48.dir/CheckSymbolExists.cxx.o' failed
make[1]: *** [CMakeFiles/cmTC_55b48.dir/CheckSymbolExists.cxx.o] Error 1
make[1]: se sale del directorio '/home/ismael/robocomp/components/robotsOvejas/oveja/CMakeFiles/CMakeTmp'
Makefile:126: recipe for target 'cmTC_55b48/fast' failed
make: *** [cmTC_55b48/fast] Error 2

File /home/ismael/robocomp/components/robotsOvejas/oveja/CMakeFiles/CMakeTmp/CheckSymbolExists.cxx:
/* */
#include <QtCore/qglobal.h>

int main(int argc, char** argv)
{
  (void)argv;
#ifndef Q_WS_MAC
  return ((int*)(&Q_WS_MAC))[argc];
#else
  (void)argc;
  return 0;
#endif
}

Determining if the pthread_create exist failed with the following output:
Change Dir: /home/ismael/robocomp/components/robotsOvejas/oveja/CMakeFiles/CMakeTmp

Run Build Command:"/usr/bin/make" "cmTC_d55b3/fast"
/usr/bin/make -f CMakeFiles/cmTC_d55b3.dir/build.make CMakeFiles/cmTC_d55b3.dir/build
make[1]: se entra en el directorio '/home/ismael/robocomp/components/robotsOvejas/oveja/CMakeFiles/CMakeTmp'
Building C object CMakeFiles/cmTC_d55b3.dir/CheckSymbolExists.c.o
/usr/bin/cc    -o CMakeFiles/cmTC_d55b3.dir/CheckSymbolExists.c.o   -c /home/ismael/robocomp/components/robotsOvejas/oveja/CMakeFiles/CMakeTmp/CheckSymbolExists.c
Linking C executable cmTC_d55b3
/usr/bin/cmake -E cmake_link_script CMakeFiles/cmTC_d55b3.dir/link.txt --verbose=1
/usr/bin/cc      -rdynamic CMakeFiles/cmTC_d55b3.dir/CheckSymbolExists.c.o  -o cmTC_d55b3 
CMakeFiles/cmTC_d55b3.dir/CheckSymbolExists.c.o: En la función `main':
CheckSymbolExists.c:(.text+0x1b): referencia a `pthread_create' sin definir
collect2: error: ld returned 1 exit status
CMakeFiles/cmTC_d55b3.dir/build.make:97: recipe for target 'cmTC_d55b3' failed
make[1]: *** [cmTC_d55b3] Error 1
make[1]: se sale del directorio '/home/ismael/robocomp/components/robotsOvejas/oveja/CMakeFiles/CMakeTmp'
Makefile:126: recipe for target 'cmTC_d55b3/fast' failed
make: *** [cmTC_d55b3/fast] Error 2

File /home/ismael/robocomp/components/robotsOvejas/oveja/CMakeFiles/CMakeTmp/CheckSymbolExists.c:
/* */
#include <pthread.h>

int main(int argc, char** argv)
{
  (void)argv;
#ifndef pthread_create
  return ((int*)(&pthread_create))[argc];
#else
  (void)argc;
  return 0;
#endif
}

Determining if the function pthread_create exists in the pthreads failed with the following output:
Change Dir: /home/ismael/robocomp/components/robotsOvejas/oveja/CMakeFiles/CMakeTmp

Run Build Command:"/usr/bin/make" "cmTC_35105/fast"
/usr/bin/make -f CMakeFiles/cmTC_35105.dir/build.make CMakeFiles/cmTC_35105.dir/build
make[1]: se entra en el directorio '/home/ismael/robocomp/components/robotsOvejas/oveja/CMakeFiles/CMakeTmp'
Building C object CMakeFiles/cmTC_35105.dir/CheckFunctionExists.c.o
/usr/bin/cc   -DCHECK_FUNCTION_EXISTS=pthread_create   -o CMakeFiles/cmTC_35105.dir/CheckFunctionExists.c.o   -c /usr/share/cmake-3.10/Modules/CheckFunctionExists.c
Linking C executable cmTC_35105
/usr/bin/cmake -E cmake_link_script CMakeFiles/cmTC_35105.dir/link.txt --verbose=1
/usr/bin/cc  -DCHECK_FUNCTION_EXISTS=pthread_create    -rdynamic CMakeFiles/cmTC_35105.dir/CheckFunctionExists.c.o  -o cmTC_35105 -lpthreads 
/usr/bin/ld: no se puede encontrar -lpthreads
collect2: error: ld returned 1 exit status
CMakeFiles/cmTC_35105.dir/build.make:97: recipe for target 'cmTC_35105' failed
make[1]: *** [cmTC_35105] Error 1
make[1]: se sale del directorio '/home/ismael/robocomp/components/robotsOvejas/oveja/CMakeFiles/CMakeTmp'
Makefile:126: recipe for target 'cmTC_35105/fast' failed
make: *** [cmTC_35105/fast] Error 2


